#
# A fatal error has been detected by the Java Runtime Environment:
#
#  EXCEPTION_STACK_OVERFLOW (0xc00000fd) at pc=0x00007fffb7c5d827, pid=18864, tid=1360
#
# JRE version: OpenJDK Runtime Environment (16.0.2+7) (build 16.0.2+7-67)
# Java VM: OpenJDK 64-Bit Server VM (16.0.2+7-67, mixed mode, tiered, compressed oops, compressed class ptrs, g1 gc, windows-amd64)
# Problematic frame:
# V  [jvm.dll+0x37d827]
#
# No core dump will be written. Minidumps are not enabled by default on client versions of Windows
#
# If you would like to submit a bug report, please visit:
#   https://bugreport.java.com/bugreport/crash.jsp
#

---------------  S U M M A R Y ------------

Command Line: -XX:+ShowCodeDetailsInExceptionMessages -agentlib:jdwp=transport=dt_socket,suspend=y,address=localhost:53540 -javaagent:C:\javaWork\apps\eclipse-jee-2021-09-R-win32-x86_64\eclipse\configuration\org.eclipse.osgi\415\0\.cp\lib\javaagent-shaded.jar -Dfile.encoding=MS949 kr.s09.book.BookUserMain

Host: Intel(R) Core(TM) i9-9880H CPU @ 2.30GHz, 16 cores, 15G,  Windows 10 , 64 bit Build 19041 (10.0.19041.1348)
Time: Wed Dec  8 14:09:29 2021  Windows 10 , 64 bit Build 19041 (10.0.19041.1348) elapsed time: 2.601279 seconds (0d 0h 0m 2s)

---------------  T H R E A D  ---------------

Current thread (0x000002325f189c30):  JavaThread "Common-Cleaner" daemon [_thread_in_vm, id=1360, stack(0x000000ab77100000,0x000000ab77200000)]

Stack: [0x000000ab77100000,0x000000ab77200000],  sp=0x000000ab771ff4c0,  free space=1021k
Native frames: (J=compiled Java code, j=interpreted, Vv=VM code, C=native code)
V  [jvm.dll+0x37d827]
V  [jvm.dll+0x6680f2]
V  [jvm.dll+0x37e34b]
V  [jvm.dll+0x37e5d7]
V  [jvm.dll+0x407eb1]
V  [jvm.dll+0x77fa62]
V  [jvm.dll+0x7795aa]
